<?xml version="1.0" encoding="UTF-8"?>
<coverage generated="1602759488968" clover="3.2.0">
  <project timestamp="1602759488968" name="All files">
    <metrics statements="28" coveredstatements="3" conditionals="13" coveredconditionals="1" methods="13" coveredmethods="2" elements="54" coveredelements="6" complexity="0" loc="28" ncloc="28" packages="3" files="3" classes="3"/>
    <package name="atoms">
      <metrics statements="20" coveredstatements="3" conditionals="9" coveredconditionals="1" methods="8" coveredmethods="2"/>
      <file name="DTypography.vue" path="C:\Work\OSPanel\domains\darwin-ui-vue\src\components\atoms\DTypography.vue">
        <metrics statements="20" coveredstatements="3" conditionals="9" coveredconditionals="1" methods="8" coveredmethods="2"/>
        <line num="3" count="1" type="stmt"/>
        <line num="29" count="1" type="stmt"/>
        <line num="35" count="1" type="cond" truecount="1" falsecount="1"/>
        <line num="36" count="0" type="stmt"/>
        <line num="41" count="0" type="cond" truecount="0" falsecount="2"/>
        <line num="42" count="0" type="stmt"/>
        <line num="53" count="0" type="stmt"/>
        <line num="54" count="0" type="stmt"/>
        <line num="55" count="0" type="cond" truecount="0" falsecount="5"/>
        <line num="56" count="0" type="stmt"/>
        <line num="57" count="0" type="stmt"/>
        <line num="62" count="0" type="stmt"/>
        <line num="63" count="0" type="stmt"/>
        <line num="64" count="0" type="stmt"/>
        <line num="69" count="0" type="stmt"/>
        <line num="70" count="0" type="stmt"/>
        <line num="71" count="0" type="stmt"/>
        <line num="76" count="0" type="stmt"/>
        <line num="77" count="0" type="stmt"/>
        <line num="79" count="0" type="stmt"/>
      </file>
    </package>
    <package name="containers">
      <metrics statements="4" coveredstatements="0" conditionals="2" coveredconditionals="0" methods="3" coveredmethods="0"/>
      <file name="DGrid.vue" path="C:\Work\OSPanel\domains\darwin-ui-vue\src\components\containers\DGrid.vue">
        <metrics statements="4" coveredstatements="0" conditionals="2" coveredconditionals="0" methods="3" coveredmethods="0"/>
        <line num="14" count="0" type="stmt"/>
        <line num="37" count="0" type="cond" truecount="0" falsecount="2"/>
        <line num="38" count="0" type="stmt"/>
        <line num="42" count="0" type="stmt"/>
      </file>
    </package>
    <package name="molecules">
      <metrics statements="4" coveredstatements="0" conditionals="2" coveredconditionals="0" methods="2" coveredmethods="0"/>
      <file name="DCopyright.vue" path="C:\Work\OSPanel\domains\darwin-ui-vue\src\components\molecules\DCopyright.vue">
        <metrics statements="4" coveredstatements="0" conditionals="2" coveredconditionals="0" methods="2" coveredmethods="0"/>
        <line num="3" count="0" type="stmt"/>
        <line num="6" count="0" type="stmt"/>
        <line num="35" count="0" type="stmt"/>
        <line num="39" count="0" type="cond" truecount="0" falsecount="2"/>
      </file>
    </package>
  </project>
</coverage>
