{"C:\\Work\\OSPanel\\domains\\darwin-ui-vue\\src\\components\\atoms\\DTypography.vue": {"path":"C:\\Work\\OSPanel\\domains\\darwin-ui-vue\\src\\components\\atoms\\DTypography.vue","statementMap":{"0":{"start":{"line":3,"column":0},"end":{"line":3,"column":null}},"1":{"start":{"line":29,"column":0},"end":{"line":29,"column":null}},"2":{"start":{"line":35,"column":0},"end":{"line":37,"column":null}},"3":{"start":{"line":36,"column":0},"end":{"line":36,"column":null}},"4":{"start":{"line":41,"column":0},"end":{"line":43,"column":null}},"5":{"start":{"line":42,"column":0},"end":{"line":42,"column":null}},"6":{"start":{"line":53,"column":0},"end":{"line":53,"column":null}},"7":{"start":{"line":54,"column":0},"end":{"line":54,"column":null}},"8":{"start":{"line":55,"column":0},"end":{"line":58,"column":null}},"9":{"start":{"line":56,"column":0},"end":{"line":56,"column":null}},"10":{"start":{"line":57,"column":0},"end":{"line":57,"column":null}},"11":{"start":{"line":62,"column":0},"end":{"line":62,"column":null}},"12":{"start":{"line":63,"column":0},"end":{"line":65,"column":null}},"13":{"start":{"line":64,"column":0},"end":{"line":64,"column":null}},"14":{"start":{"line":69,"column":0},"end":{"line":69,"column":null}},"15":{"start":{"line":70,"column":0},"end":{"line":72,"column":null}},"16":{"start":{"line":70,"column":0},"end":{"line":70,"column":null}},"17":{"start":{"line":71,"column":0},"end":{"line":71,"column":null}},"18":{"start":{"line":76,"column":0},"end":{"line":78,"column":null}},"19":{"start":{"line":76,"column":0},"end":{"line":76,"column":null}},"20":{"start":{"line":77,"column":0},"end":{"line":77,"column":null}},"21":{"start":{"line":79,"column":0},"end":{"line":79,"column":null}}},"fnMap":{"0":{"name":"(anonymous_0)","decl":{"start":{"line":28,"column":0},"end":{"line":28,"column":null}},"loc":{"start":{"line":28,"column":0},"end":{"line":32,"column":null}}},"1":{"name":"(anonymous_1)","decl":{"start":{"line":34,"column":0},"end":{"line":34,"column":null}},"loc":{"start":{"line":34,"column":0},"end":{"line":38,"column":null}}},"2":{"name":"(anonymous_2)","decl":{"start":{"line":40,"column":0},"end":{"line":40,"column":null}},"loc":{"start":{"line":40,"column":0},"end":{"line":44,"column":null}}},"3":{"name":"(anonymous_3)","decl":{"start":{"line":52,"column":0},"end":{"line":52,"column":null}},"loc":{"start":{"line":52,"column":0},"end":{"line":59,"column":null}}},"4":{"name":"(anonymous_4)","decl":{"start":{"line":61,"column":0},"end":{"line":61,"column":null}},"loc":{"start":{"line":61,"column":0},"end":{"line":66,"column":null}}},"5":{"name":"(anonymous_5)","decl":{"start":{"line":63,"column":0},"end":{"line":63,"column":null}},"loc":{"start":{"line":63,"column":0},"end":{"line":65,"column":null}}},"6":{"name":"(anonymous_6)","decl":{"start":{"line":68,"column":0},"end":{"line":68,"column":null}},"loc":{"start":{"line":68,"column":0},"end":{"line":73,"column":null}}},"7":{"name":"(anonymous_7)","decl":{"start":{"line":75,"column":0},"end":{"line":75,"column":null}},"loc":{"start":{"line":75,"column":0},"end":{"line":80,"column":null}}}},"branchMap":{"0":{"loc":{"start":{"line":35,"column":0},"end":{"line":37,"column":null}},"type":"if","locations":[{"start":{"line":35,"column":0},"end":{"line":37,"column":null}},{"start":{"line":35,"column":0},"end":{"line":37,"column":null}}]},"1":{"loc":{"start":{"line":41,"column":0},"end":{"line":43,"column":null}},"type":"if","locations":[{"start":{"line":41,"column":0},"end":{"line":43,"column":null}},{"start":{"line":41,"column":0},"end":{"line":43,"column":null}}]},"2":{"loc":{"start":{"line":55,"column":0},"end":{"line":58,"column":null}},"type":"if","locations":[{"start":{"line":55,"column":0},"end":{"line":58,"column":null}},{"start":{"line":55,"column":0},"end":{"line":58,"column":null}}]},"3":{"loc":{"start":{"line":55,"column":0},"end":{"line":55,"column":null}},"type":"binary-expr","locations":[{"start":{"line":55,"column":0},"end":{"line":55,"column":null}},{"start":{"line":55,"column":0},"end":{"line":55,"column":null}},{"start":{"line":55,"column":0},"end":{"line":55,"column":null}}]}},"s":{"0":1,"1":1,"2":1,"3":0,"4":0,"5":0,"6":0,"7":0,"8":0,"9":0,"10":0,"11":0,"12":0,"13":0,"14":0,"15":0,"16":0,"17":0,"18":0,"19":0,"20":0,"21":0},"f":{"0":1,"1":1,"2":0,"3":0,"4":0,"5":0,"6":0,"7":0},"b":{"0":[0,1],"1":[0,0],"2":[0,0],"3":[0,0,0]}}
,"C:\\Work\\OSPanel\\domains\\darwin-ui-vue\\src\\components\\containers\\DGrid.vue": {"path":"C:\\Work\\OSPanel\\domains\\darwin-ui-vue\\src\\components\\containers\\DGrid.vue","statementMap":{"0":{"start":{"line":14,"column":0},"end":{"line":14,"column":null}},"1":{"start":{"line":37,"column":0},"end":{"line":43,"column":null}},"2":{"start":{"line":38,"column":0},"end":{"line":38,"column":null}},"3":{"start":{"line":42,"column":0},"end":{"line":42,"column":null}}},"fnMap":{"0":{"name":"(anonymous_0)","decl":{"start":{"line":14,"column":0},"end":{"line":14,"column":null}},"loc":{"start":{"line":14,"column":0},"end":{"line":14,"column":null}}},"1":{"name":"(anonymous_1)","decl":{"start":{"line":36,"column":0},"end":{"line":36,"column":null}},"loc":{"start":{"line":36,"column":0},"end":{"line":44,"column":null}}},"2":{"name":"(anonymous_2)","decl":{"start":{"line":38,"column":0},"end":{"line":38,"column":null}},"loc":{"start":{"line":38,"column":0},"end":{"line":38,"column":null}}}},"branchMap":{"0":{"loc":{"start":{"line":37,"column":0},"end":{"line":43,"column":null}},"type":"if","locations":[{"start":{"line":37,"column":0},"end":{"line":43,"column":null}},{"start":{"line":37,"column":0},"end":{"line":43,"column":null}}]}},"s":{"0":0,"1":0,"2":0,"3":0},"f":{"0":0,"1":0,"2":0},"b":{"0":[0,0]}}
,"C:\\Work\\OSPanel\\domains\\darwin-ui-vue\\src\\components\\molecules\\DCopyright.vue": {"path":"C:\\Work\\OSPanel\\domains\\darwin-ui-vue\\src\\components\\molecules\\DCopyright.vue","statementMap":{"0":{"start":{"line":3,"column":0},"end":{"line":3,"column":null}},"1":{"start":{"line":6,"column":0},"end":{"line":6,"column":null}},"2":{"start":{"line":35,"column":0},"end":{"line":35,"column":null}},"3":{"start":{"line":39,"column":0},"end":{"line":39,"column":null}}},"fnMap":{"0":{"name":"(anonymous_0)","decl":{"start":{"line":34,"column":0},"end":{"line":34,"column":null}},"loc":{"start":{"line":34,"column":0},"end":{"line":36,"column":null}}},"1":{"name":"(anonymous_1)","decl":{"start":{"line":38,"column":0},"end":{"line":38,"column":null}},"loc":{"start":{"line":38,"column":0},"end":{"line":47,"column":null}}}},"branchMap":{"0":{"loc":{"start":{"line":39,"column":0},"end":{"line":39,"column":null}},"type":"cond-expr","locations":[{"start":{"line":39,"column":0},"end":{"line":39,"column":null}},{"start":{"line":39,"column":0},"end":{"line":39,"column":null}}]}},"s":{"0":0,"1":0,"2":0,"3":0},"f":{"0":0,"1":0},"b":{"0":[0,0]}}
}
